<?xml version="1.0" encoding="UTF-8"?>
<!-- Generated by org.testng.reporters.JUnitReportReporter -->
<testsuite hostname="DESKTOP-2QOB21C" failures="0" tests="1" name="testngpackage.TestNGweek7" time="0.013" errors="0" timestamp="2021-08-31T18:48:13 IST" skipped="0">
  <testcase classname="testngpackage.TestNGweek7" name="test" time="0.013"/>
  <system-out/>
</testsuite> <!-- testngpackage.TestNGweek7 -->
