<?xml version="1.0" encoding="UTF-8"?>
<!-- Generated by org.testng.reporters.JUnitReportReporter -->
<testsuite hostname="DESKTOP-2QOB21C" failures="0" tests="1" name="TestNGweek7" time="0.020" errors="0" timestamp="2021-08-31T18:37:05 IST" skipped="0">
  <testcase classname="TestNGweek7" name="test" time="0.020"/>
  <system-out/>
</testsuite> <!-- TestNGweek7 -->
